<?xml version="1.0" encoding="UTF-8"?>
<testng-results skipped="0" failed="0" ignored="0" total="1" passed="1">
  <reporter-output>
  </reporter-output>
  <suite name="First suite" duration-ms="124130" started-at="2019-12-24T19:21:14 CST" finished-at="2019-12-24T19:23:19 CST">
    <groups>
    </groups>
    <test name="flugatest" duration-ms="124130" started-at="2019-12-24T19:21:14 CST" finished-at="2019-12-24T19:23:19 CST">
      <class name="FlugaOnline.Online">
        <test-method status="PASS" signature="setUp()[pri:0, instance:FlugaOnline.Online@475530b9]" name="setUp" is-config="true" duration-ms="14" started-at="2019-12-24T19:21:14 CST" finished-at="2019-12-24T19:21:14 CST">
          <reporter-output>
          </reporter-output>
        </test-method> <!-- setUp -->
        <test-method status="PASS" signature="Order()[pri:0, instance:FlugaOnline.Online@475530b9]" name="Order" duration-ms="123325" started-at="2019-12-24T19:21:14 CST" finished-at="2019-12-24T19:23:18 CST">
          <reporter-output>
          </reporter-output>
        </test-method> <!-- Order -->
        <test-method status="PASS" signature="tearDown()[pri:0, instance:FlugaOnline.Online@475530b9]" name="tearDown" is-config="true" duration-ms="762" started-at="2019-12-24T19:23:18 CST" finished-at="2019-12-24T19:23:19 CST">
          <reporter-output>
          </reporter-output>
        </test-method> <!-- tearDown -->
      </class> <!-- FlugaOnline.Online -->
    </test> <!-- flugatest -->
  </suite> <!-- First suite -->
</testng-results>
